<?xml version="1.0" encoding="UTF-8"?>
<!-- Generated by org.testng.reporters.JUnitReportReporter -->
<testsuite hostname="DESKTOP-IEK94JO" failures="0" tests="1" name="test.AddToCartTest" time="0.000" errors="0" timestamp="22 черв. 2022 22:40:25 GMT" skipped="1">
  <testcase classname="test.AddToCartTest" name="verifyThatCartContainsBillThatIsLessThanSpecifiedSum" time="0.000">
    <skipped/>
  </testcase> <!-- verifyThatCartContainsBillThatIsLessThanSpecifiedSum -->
</testsuite> <!-- test.AddToCartTest -->
